
> vibe-generated-app@1.0.0 dev
> vite


  VITE v5.4.20  ready in 400 ms

  ➜  Local:   http://localhost:3000/
  ➜  Network: http://172.20.1.156:3000/
5:03:10 PM [vite] Pre-transform error: Failed to resolve import "@radix-ui/react-icons" from "src/components/Community.jsx". Does the file exist?
5:03:11 PM [vite] Internal server error: Failed to resolve import "@radix-ui/react-icons" from "src/components/Community.jsx". Does the file exist?
  Plugin: vite:import-analysis
  File: /home/workspace/src/components/Community.jsx:2:32
  1  |  import { jsxDEV } from "react/jsx-dev-runtime";
  2  |  import React from "react";
  3  |  import { DiscordLogoIcon } from "@radix-ui/react-icons";
     |                                   ^
  4  |  import { Youtube, Instagram, Facebook, Twitter } from "lucide-react";
  5  |  const Community = () => {
      at TransformPluginContext._formatError (file:///home/workspace/node_modules/vite/dist/node/chunks/dep-D_zLpgQd.js:49258:41)
      at TransformPluginContext.error (file:///home/workspace/node_modules/vite/dist/node/chunks/dep-D_zLpgQd.js:49253:16)
      at normalizeUrl (file:///home/workspace/node_modules/vite/dist/node/chunks/dep-D_zLpgQd.js:64306:23)
      at process.processTicksAndRejections (node:internal/process/task_queues:105:5)
      at async file:///home/workspace/node_modules/vite/dist/node/chunks/dep-D_zLpgQd.js:64438:39
      at async Promise.all (index 2)
      at async TransformPluginContext.transform (file:///home/workspace/node_modules/vite/dist/node/chunks/dep-D_zLpgQd.js:64365:7)
      at async PluginContainer.transform (file:///home/workspace/node_modules/vite/dist/node/chunks/dep-D_zLpgQd.js:49099:18)
      at async loadAndTransform (file:///home/workspace/node_modules/vite/dist/node/chunks/dep-D_zLpgQd.js:51977:27)
      at async viteTransformMiddleware (file:///home/workspace/node_modules/vite/dist/node/chunks/dep-D_zLpgQd.js:62105:24)
5:03:36 PM [vite] Internal server error: Failed to resolve import "@radix-ui/react-icons" from "src/components/Community.jsx". Does the file exist?
  Plugin: vite:import-analysis
  File: /home/workspace/src/components/Community.jsx:2:32
  1  |  import { jsxDEV } from "react/jsx-dev-runtime";
  2  |  import React from "react";
  3  |  import { DiscordLogoIcon } from "@radix-ui/react-icons";
     |                                   ^
  4  |  import { Youtube, Instagram, Facebook, Twitter } from "lucide-react";
  5  |  const Community = () => {
      at TransformPluginContext._formatError (file:///home/workspace/node_modules/vite/dist/node/chunks/dep-D_zLpgQd.js:49258:41)
      at TransformPluginContext.error (file:///home/workspace/node_modules/vite/dist/node/chunks/dep-D_zLpgQd.js:49253:16)
      at normalizeUrl (file:///home/workspace/node_modules/vite/dist/node/chunks/dep-D_zLpgQd.js:64306:23)
      at process.processTicksAndRejections (node:internal/process/task_queues:105:5)
      at async file:///home/workspace/node_modules/vite/dist/node/chunks/dep-D_zLpgQd.js:64438:39
      at async Promise.all (index 2)
      at async TransformPluginContext.transform (file:///home/workspace/node_modules/vite/dist/node/chunks/dep-D_zLpgQd.js:64365:7)
      at async PluginContainer.transform (file:///home/workspace/node_modules/vite/dist/node/chunks/dep-D_zLpgQd.js:49099:18)
      at async loadAndTransform (file:///home/workspace/node_modules/vite/dist/node/chunks/dep-D_zLpgQd.js:51977:27)
      at async viteTransformMiddleware (file:///home/workspace/node_modules/vite/dist/node/chunks/dep-D_zLpgQd.js:62105:24)
5:04:20 PM [vite] Internal server error: Failed to resolve import "@radix-ui/react-icons" from "src/components/Community.jsx". Does the file exist?
  Plugin: vite:import-analysis
  File: /home/workspace/src/components/Community.jsx:2:32
  1  |  import { jsxDEV } from "react/jsx-dev-runtime";
  2  |  import React from "react";
  3  |  import { DiscordLogoIcon } from "@radix-ui/react-icons";
     |                                   ^
  4  |  import { Youtube, Instagram, Facebook, Twitter } from "lucide-react";
  5  |  const Community = () => {
      at TransformPluginContext._formatError (file:///home/workspace/node_modules/vite/dist/node/chunks/dep-D_zLpgQd.js:49258:41)
      at TransformPluginContext.error (file:///home/workspace/node_modules/vite/dist/node/chunks/dep-D_zLpgQd.js:49253:16)
      at normalizeUrl (file:///home/workspace/node_modules/vite/dist/node/chunks/dep-D_zLpgQd.js:64306:23)
      at process.processTicksAndRejections (node:internal/process/task_queues:105:5)
      at async file:///home/workspace/node_modules/vite/dist/node/chunks/dep-D_zLpgQd.js:64438:39
      at async Promise.all (index 2)
      at async TransformPluginContext.transform (file:///home/workspace/node_modules/vite/dist/node/chunks/dep-D_zLpgQd.js:64365:7)
      at async PluginContainer.transform (file:///home/workspace/node_modules/vite/dist/node/chunks/dep-D_zLpgQd.js:49099:18)
      at async loadAndTransform (file:///home/workspace/node_modules/vite/dist/node/chunks/dep-D_zLpgQd.js:51977:27)
      at async viteTransformMiddleware (file:///home/workspace/node_modules/vite/dist/node/chunks/dep-D_zLpgQd.js:62105:24)
5:05:11 PM [vite] Internal server error: Failed to resolve import "@radix-ui/react-icons" from "src/components/Community.jsx". Does the file exist?
  Plugin: vite:import-analysis
  File: /home/workspace/src/components/Community.jsx:2:32
  1  |  import { jsxDEV } from "react/jsx-dev-runtime";
  2  |  import React from "react";
  3  |  import { DiscordLogoIcon } from "@radix-ui/react-icons";
     |                                   ^
  4  |  import { Youtube, Instagram, Facebook, Twitter } from "lucide-react";
  5  |  const Community = () => {
      at TransformPluginContext._formatError (file:///home/workspace/node_modules/vite/dist/node/chunks/dep-D_zLpgQd.js:49258:41)
      at TransformPluginContext.error (file:///home/workspace/node_modules/vite/dist/node/chunks/dep-D_zLpgQd.js:49253:16)
      at normalizeUrl (file:///home/workspace/node_modules/vite/dist/node/chunks/dep-D_zLpgQd.js:64306:23)
      at process.processTicksAndRejections (node:internal/process/task_queues:105:5)
      at async file:///home/workspace/node_modules/vite/dist/node/chunks/dep-D_zLpgQd.js:64438:39
      at async Promise.all (index 2)
      at async TransformPluginContext.transform (file:///home/workspace/node_modules/vite/dist/node/chunks/dep-D_zLpgQd.js:64365:7)
      at async PluginContainer.transform (file:///home/workspace/node_modules/vite/dist/node/chunks/dep-D_zLpgQd.js:49099:18)
      at async loadAndTransform (file:///home/workspace/node_modules/vite/dist/node/chunks/dep-D_zLpgQd.js:51977:27)
      at async viteTransformMiddleware (file:///home/workspace/node_modules/vite/dist/node/chunks/dep-D_zLpgQd.js:62105:24)
5:06:20 PM [vite] Internal server error: Failed to resolve import "@radix-ui/react-icons" from "src/components/Community.jsx". Does the file exist?
  Plugin: vite:import-analysis
  File: /home/workspace/src/components/Community.jsx:2:32
  1  |  import { jsxDEV } from "react/jsx-dev-runtime";
  2  |  import React from "react";
  3  |  import { DiscordLogoIcon } from "@radix-ui/react-icons";
     |                                   ^
  4  |  import { Youtube, Instagram, Facebook, Twitter } from "lucide-react";
  5  |  const Community = () => {
      at TransformPluginContext._formatError (file:///home/workspace/node_modules/vite/dist/node/chunks/dep-D_zLpgQd.js:49258:41)
      at TransformPluginContext.error (file:///home/workspace/node_modules/vite/dist/node/chunks/dep-D_zLpgQd.js:49253:16)
      at normalizeUrl (file:///home/workspace/node_modules/vite/dist/node/chunks/dep-D_zLpgQd.js:64306:23)
      at process.processTicksAndRejections (node:internal/process/task_queues:105:5)
      at async file:///home/workspace/node_modules/vite/dist/node/chunks/dep-D_zLpgQd.js:64438:39
      at async Promise.all (index 2)
      at async TransformPluginContext.transform (file:///home/workspace/node_modules/vite/dist/node/chunks/dep-D_zLpgQd.js:64365:7)
      at async PluginContainer.transform (file:///home/workspace/node_modules/vite/dist/node/chunks/dep-D_zLpgQd.js:49099:18)
      at async loadAndTransform (file:///home/workspace/node_modules/vite/dist/node/chunks/dep-D_zLpgQd.js:51977:27)
      at async viteTransformMiddleware (file:///home/workspace/node_modules/vite/dist/node/chunks/dep-D_zLpgQd.js:62105:24)
